<?xml version="1.0" encoding="UTF-8"?>
<testng-results ignored="0" total="6" passed="6" failed="0" skipped="0">
  <reporter-output>
  </reporter-output>
  <suite started-at="2026-06-07T20:51:46 ART" name="Suite basico carga" finished-at="2026-06-07T20:51:46 ART" duration-ms="95">
    <groups>
    </groups>
    <test started-at="2026-06-07T20:51:46 ART" name="Demo Precedencia" finished-at="2026-06-07T20:51:46 ART" duration-ms="39">
      <class name="tudai.tdv.test.testng.DemoPrecedencia">
        <test-method is-config="true" signature="beforeTest()[pri:0, instance:tudai.tdv.test.testng.DemoPrecedencia@50a638b5]" started-at="2026-06-07T20:51:46 ART" name="beforeTest" finished-at="2026-06-07T20:51:46 ART" duration-ms="0" status="PASS">
          <reporter-output>
          </reporter-output>
        </test-method> <!-- beforeTest -->
        <test-method is-config="true" signature="beforeClass()[pri:0, instance:tudai.tdv.test.testng.DemoPrecedencia@50a638b5]" started-at="2026-06-07T20:51:46 ART" name="beforeClass" finished-at="2026-06-07T20:51:46 ART" duration-ms="0" status="PASS">
          <reporter-output>
          </reporter-output>
        </test-method> <!-- beforeClass -->
        <test-method is-config="true" signature="beforeMethod()[pri:0, instance:tudai.tdv.test.testng.DemoPrecedencia@50a638b5]" started-at="2026-06-07T20:51:46 ART" name="beforeMethod" finished-at="2026-06-07T20:51:46 ART" duration-ms="1" status="PASS">
          <reporter-output>
          </reporter-output>
        </test-method> <!-- beforeMethod -->
        <test-method signature="TestGenerado(java.lang.Integer,java.lang.String)[pri:0, instance:tudai.tdv.test.testng.DemoPrecedencia@50a638b5]" started-at="2026-06-07T20:51:46 ART" name="TestGenerado" data-provider="Generador" finished-at="2026-06-07T20:51:46 ART" duration-ms="4" status="PASS">
          <params>
            <param index="0">
              <value>
                <![CDATA[1]]>
              </value>
            </param>
            <param index="1">
              <value>
                <![CDATA[a]]>
              </value>
            </param>
          </params>
          <reporter-output>
          </reporter-output>
        </test-method> <!-- TestGenerado -->
        <test-method is-config="true" signature="afterMethod()[pri:0, instance:tudai.tdv.test.testng.DemoPrecedencia@50a638b5]" started-at="2026-06-07T20:51:46 ART" name="afterMethod" finished-at="2026-06-07T20:51:46 ART" duration-ms="1" status="PASS">
          <reporter-output>
          </reporter-output>
        </test-method> <!-- afterMethod -->
        <test-method signature="TestGenerado(java.lang.Integer,java.lang.String)[pri:0, instance:tudai.tdv.test.testng.DemoPrecedencia@50a638b5]" started-at="2026-06-07T20:51:46 ART" name="TestGenerado" data-provider="Generador" finished-at="2026-06-07T20:51:46 ART" duration-ms="1" status="PASS">
          <params>
            <param index="0">
              <value>
                <![CDATA[2]]>
              </value>
            </param>
            <param index="1">
              <value>
                <![CDATA[b]]>
              </value>
            </param>
          </params>
          <reporter-output>
          </reporter-output>
        </test-method> <!-- TestGenerado -->
        <test-method is-config="true" signature="beforeMethod()[pri:0, instance:tudai.tdv.test.testng.DemoPrecedencia@50a638b5]" started-at="2026-06-07T20:51:46 ART" name="beforeMethod" finished-at="2026-06-07T20:51:46 ART" duration-ms="0" status="PASS">
          <reporter-output>
          </reporter-output>
        </test-method> <!-- beforeMethod -->
        <test-method is-config="true" signature="afterMethod()[pri:0, instance:tudai.tdv.test.testng.DemoPrecedencia@50a638b5]" started-at="2026-06-07T20:51:46 ART" name="afterMethod" finished-at="2026-06-07T20:51:46 ART" duration-ms="0" status="PASS">
          <reporter-output>
          </reporter-output>
        </test-method> <!-- afterMethod -->
        <test-method is-config="true" signature="beforeMethod()[pri:0, instance:tudai.tdv.test.testng.DemoPrecedencia@50a638b5]" started-at="2026-06-07T20:51:46 ART" name="beforeMethod" finished-at="2026-06-07T20:51:46 ART" duration-ms="1" status="PASS">
          <reporter-output>
          </reporter-output>
        </test-method> <!-- beforeMethod -->
        <test-method signature="test1()[pri:0, instance:tudai.tdv.test.testng.DemoPrecedencia@50a638b5]" started-at="2026-06-07T20:51:46 ART" name="test1" finished-at="2026-06-07T20:51:46 ART" duration-ms="1" status="PASS">
          <reporter-output>
          </reporter-output>
        </test-method> <!-- test1 -->
        <test-method is-config="true" signature="afterMethod()[pri:0, instance:tudai.tdv.test.testng.DemoPrecedencia@50a638b5]" started-at="2026-06-07T20:51:46 ART" name="afterMethod" finished-at="2026-06-07T20:51:46 ART" duration-ms="0" status="PASS">
          <reporter-output>
          </reporter-output>
        </test-method> <!-- afterMethod -->
        <test-method signature="test2()[pri:0, instance:tudai.tdv.test.testng.DemoPrecedencia@50a638b5]" started-at="2026-06-07T20:51:46 ART" name="test2" finished-at="2026-06-07T20:51:46 ART" duration-ms="2" status="PASS">
          <reporter-output>
          </reporter-output>
        </test-method> <!-- test2 -->
        <test-method is-config="true" signature="beforeMethod()[pri:0, instance:tudai.tdv.test.testng.DemoPrecedencia@50a638b5]" started-at="2026-06-07T20:51:46 ART" name="beforeMethod" finished-at="2026-06-07T20:51:46 ART" duration-ms="0" status="PASS">
          <reporter-output>
          </reporter-output>
        </test-method> <!-- beforeMethod -->
        <test-method is-config="true" signature="afterMethod()[pri:0, instance:tudai.tdv.test.testng.DemoPrecedencia@50a638b5]" started-at="2026-06-07T20:51:46 ART" name="afterMethod" finished-at="2026-06-07T20:51:46 ART" duration-ms="1" status="PASS">
          <reporter-output>
          </reporter-output>
        </test-method> <!-- afterMethod -->
        <test-method is-config="true" signature="afterClass()[pri:0, instance:tudai.tdv.test.testng.DemoPrecedencia@50a638b5]" started-at="2026-06-07T20:51:46 ART" name="afterClass" finished-at="2026-06-07T20:51:46 ART" duration-ms="0" status="PASS">
          <reporter-output>
          </reporter-output>
        </test-method> <!-- afterClass -->
        <test-method is-config="true" signature="afterTest()[pri:0, instance:tudai.tdv.test.testng.DemoPrecedencia@50a638b5]" started-at="2026-06-07T20:51:46 ART" name="afterTest" finished-at="2026-06-07T20:51:46 ART" duration-ms="1" status="PASS">
          <reporter-output>
          </reporter-output>
        </test-method> <!-- afterTest -->
      </class> <!-- tudai.tdv.test.testng.DemoPrecedencia -->
    </test> <!-- Demo Precedencia -->
    <test started-at="2026-06-07T20:51:46 ART" name="Test Persona" finished-at="2026-06-07T20:51:46 ART" duration-ms="3">
      <class name="tudai.tdv.test.testng.TestPersona">
        <test-method signature="testNoPermitirEdadesNegativas()[pri:0, instance:tudai.tdv.test.testng.TestPersona@402bba4f]" started-at="2026-06-07T20:51:46 ART" name="testNoPermitirEdadesNegativas" finished-at="2026-06-07T20:51:46 ART" duration-ms="2" status="PASS">
          <exception class="tudai.tdv.java.EdadNopermitidaException">
            <message>
              <![CDATA[La edad no puede ser negativa]]>
            </message>
            <full-stacktrace>
              <![CDATA[tudai.tdv.java.EdadNopermitidaException: La edad no puede ser negativa
at tudai.tdv.java.Persona.setEdad(Persona.java:26)
at tudai.tdv.test.testng.TestPersona.testNoPermitirEdadesNegativas(TestPersona.java:65)
at java.base/jdk.internal.reflect.DirectMethodHandleAccessor.invoke(DirectMethodHandleAccessor.java:103)
at java.base/java.lang.reflect.Method.invoke(Method.java:580)
at org.testng.internal.invokers.MethodInvocationHelper.invokeMethod(MethodInvocationHelper.java:139)
at org.testng.internal.invokers.TestInvoker.invokeMethod(TestInvoker.java:664)
at org.testng.internal.invokers.TestInvoker.invokeTestMethod(TestInvoker.java:227)
at org.testng.internal.invokers.MethodRunner.runInSequence(MethodRunner.java:50)
at org.testng.internal.invokers.TestInvoker$MethodInvocationAgent.invoke(TestInvoker.java:957)
at org.testng.internal.invokers.TestInvoker.invokeTestMethods(TestInvoker.java:200)
at org.testng.internal.invokers.TestMethodWorker.invokeTestMethods(TestMethodWorker.java:148)
at org.testng.internal.invokers.TestMethodWorker.run(TestMethodWorker.java:128)
at java.base/java.util.ArrayList.forEach(ArrayList.java:1596)
at org.testng.TestRunner.privateRun(TestRunner.java:848)
at org.testng.TestRunner.run(TestRunner.java:621)
at org.testng.SuiteRunner.runTest(SuiteRunner.java:443)
at org.testng.SuiteRunner.runSequentially(SuiteRunner.java:437)
at org.testng.SuiteRunner.privateRun(SuiteRunner.java:397)
at org.testng.SuiteRunner.run(SuiteRunner.java:336)
at org.testng.SuiteRunnerWorker.runSuite(SuiteRunnerWorker.java:52)
at org.testng.SuiteRunnerWorker.run(SuiteRunnerWorker.java:95)
at org.testng.TestNG.runSuitesSequentially(TestNG.java:1280)
at org.testng.TestNG.runSuitesLocally(TestNG.java:1200)
at org.testng.TestNG.runSuites(TestNG.java:1114)
at org.testng.TestNG.run(TestNG.java:1082)
at org.apache.maven.surefire.testng.TestNGExecutor.run(TestNGExecutor.java:308)
at org.apache.maven.surefire.testng.TestNGXmlTestSuite.execute(TestNGXmlTestSuite.java:71)
at org.apache.maven.surefire.testng.TestNGProvider.invoke(TestNGProvider.java:113)
at org.apache.maven.surefire.booter.ForkedBooter.runSuitesInProcess(ForkedBooter.java:385)
at org.apache.maven.surefire.booter.ForkedBooter.execute(ForkedBooter.java:162)
at org.apache.maven.surefire.booter.ForkedBooter.run(ForkedBooter.java:507)
at org.apache.maven.surefire.booter.ForkedBooter.main(ForkedBooter.java:495)
]]>
            </full-stacktrace>
          </exception> <!-- tudai.tdv.java.EdadNopermitidaException -->
          <reporter-output>
          </reporter-output>
        </test-method> <!-- testNoPermitirEdadesNegativas -->
      </class> <!-- tudai.tdv.test.testng.TestPersona -->
    </test> <!-- Test Persona -->
    <test started-at="2026-06-07T20:51:46 ART" name="Test Persona con parametros" finished-at="2026-06-07T20:51:46 ART" duration-ms="11">
      <class name="tudai.tdv.test.testng.TestPersona">
        <test-method signature="testConParametros(java.lang.String,java.lang.String,java.lang.String)[pri:0, instance:tudai.tdv.test.testng.TestPersona@441772e]" started-at="2026-06-07T20:51:46 ART" name="testConParametros" finished-at="2026-06-07T20:51:46 ART" duration-ms="8" status="PASS">
          <params>
            <param index="0">
              <value>
                <![CDATA[Pepe]]>
              </value>
            </param>
            <param index="1">
              <value>
                <![CDATA[12.345.678]]>
              </value>
            </param>
            <param index="2">
              <value>
                <![CDATA[1990-2-18]]>
              </value>
            </param>
          </params>
          <reporter-output>
          </reporter-output>
        </test-method> <!-- testConParametros -->
      </class> <!-- tudai.tdv.test.testng.TestPersona -->
      <class name="tudai.tdv.test.testng.DemoPrecedencia">
        <test-method is-config="true" signature="beforeSuite()[pri:0, instance:tudai.tdv.test.testng.DemoPrecedencia@50a638b5]" started-at="2026-06-07T20:51:46 ART" name="beforeSuite" finished-at="2026-06-07T20:51:46 ART" duration-ms="8" status="PASS">
          <reporter-output>
          </reporter-output>
        </test-method> <!-- beforeSuite -->
        <test-method is-config="true" signature="afterSuite()[pri:0, instance:tudai.tdv.test.testng.DemoPrecedencia@50a638b5]" started-at="2026-06-07T20:51:46 ART" name="afterSuite" finished-at="2026-06-07T20:51:46 ART" duration-ms="0" status="PASS">
          <reporter-output>
          </reporter-output>
        </test-method> <!-- afterSuite -->
      </class> <!-- tudai.tdv.test.testng.DemoPrecedencia -->
    </test> <!-- Test Persona con parametros -->
  </suite> <!-- Suite basico carga -->
</testng-results>
