<?xml version="1.0" encoding="UTF-8"?>
<testsuite xmlns:xsi="http://www.w3.org/2001/XMLSchema-instance" xsi:noNamespaceSchemaLocation="https://maven.apache.org/surefire/maven-surefire-plugin/xsd/surefire-test-report-3.0.xsd" version="3.0" name="TestSuite" time="0.506" tests="6" errors="0" skipped="0" failures="0">
  <properties>
[...]
</properties>
  <testcase name="TestGenerado[1, a](1)" classname="tudai.tdv.test.testng.DemoPrecedencia" time="0.002">
    <system-out><![CDATA[beforeSuite()
beforeTest()
beforeClass
Genero casos
beforeMethod()
El generador provee: a - 1
]]></system-out>
    <system-err><![CDATA[SLF4J: Failed to load class "org.slf4j.impl.StaticLoggerBinder".
SLF4J: Defaulting to no-operation (NOP) logger implementation
SLF4J: See http://www.slf4j.org/codes.html#StaticLoggerBinder for further details.
]]></system-err>
  </testcase>
  <testcase name="TestGenerado[2, b](2)" classname="tudai.tdv.test.testng.DemoPrecedencia" time="0.0">
    <system-out><![CDATA[afterMethod()
beforeMethod()
El generador provee: b - 2
]]></system-out>
  </testcase>
  <testcase name="test1" classname="tudai.tdv.test.testng.DemoPrecedencia" time="0.0">
    <system-out><![CDATA[afterMethod()
beforeMethod()
Ejecuto Test1
]]></system-out>
  </testcase>
  <testcase name="test2" classname="tudai.tdv.test.testng.DemoPrecedencia" time="0.0">
    <system-out><![CDATA[afterMethod()
beforeMethod()
Ejecuto Test2
]]></system-out>
  </testcase>
  <testcase name="testNoPermitirEdadesNegativas" classname="tudai.tdv.test.testng.TestPersona" time="0.001">
    <system-out><![CDATA[afterMethod()
afterClass()
afterTest()
]]></system-out>
  </testcase>
  <testcase name="testConParametros[Pepe, 12.345.678, 1990-2-18](1)" classname="tudai.tdv.test.testng.TestPersona" time="0.009">
    <system-out><![CDATA[Persona{nombre='Pepe', dni='12.345.678', fechaNacimiento='1990-2-18', edad=0, habilitadoParaVotar=false}
]]></system-out>
  </testcase>
</testsuite>