<?xml version="1.0" encoding="UTF-8"?>
<!-- Generated by org.testng.reporters.JUnitXMLReporter -->
<testsuite ignored="0" hostname="T0190" failures="0" tests="4" name="Demo Precedencia" time="0.039" errors="0" timestamp="2026-06-07T20:51:46 ART">
  <testcase classname="tudai.tdv.test.testng.DemoPrecedencia" name="TestGenerado" time="0.004"/>
  <testcase classname="tudai.tdv.test.testng.DemoPrecedencia" name="TestGenerado" time="0.001"/>
  <testcase classname="tudai.tdv.test.testng.DemoPrecedencia" name="test1" time="0.001"/>
  <testcase classname="tudai.tdv.test.testng.DemoPrecedencia" name="test2" time="0.002"/>
</testsuite> <!-- Demo Precedencia -->
