<?xml version="1.0" encoding="UTF-8"?>
<!-- Generated by org.testng.reporters.JUnitXMLReporter -->
<testsuite ignored="1" hostname="T0190" failures="0" tests="1" name="Test Persona" time="0.003" errors="0" timestamp="2026-06-07T20:51:46 ART">
  <testcase classname="tudai.tdv.test.testng.TestPersona" name="testNoPermitirEdadesNegativas" time="0.002"/>
  <testcase classname="tudai.tdv.test.testng.TestPersona" name="testConParametros" time="0.0">
    <ignored/>
  </testcase> <!-- testConParametros -->
</testsuite> <!-- Test Persona -->
