<?xml version="1.0" encoding="UTF-8"?>
<!-- Generated by org.testng.reporters.JUnitReportReporter -->
<testsuite hostname="T0190" failures="0" tests="4" name="tudai.tdv.test.testng.DemoPrecedencia" time="0.012" errors="0" timestamp="2026-06-07T20:51:46 ART" skipped="0">
  <testcase classname="tudai.tdv.test.testng.DemoPrecedencia" name="test1" time="0.001"/>
  <testcase classname="tudai.tdv.test.testng.DemoPrecedencia" name="TestGenerado" time="0.002"/>
  <testcase classname="tudai.tdv.test.testng.DemoPrecedencia" name="TestGenerado" time="0.005"/>
  <testcase classname="tudai.tdv.test.testng.DemoPrecedencia" name="test2" time="0.004"/>
</testsuite> <!-- tudai.tdv.test.testng.DemoPrecedencia -->
