<?xml version="1.0" encoding="UTF-8"?>
<!-- Generated by org.testng.reporters.JUnitReportReporter -->
<testsuite hostname="T0190" failures="0" tests="2" name="tudai.tdv.test.testng.TestPersona" time="0.010" errors="0" timestamp="2026-06-07T20:51:46 ART" skipped="0">
  <testcase classname="tudai.tdv.test.testng.TestPersona" name="testNoPermitirEdadesNegativas" time="0.002"/>
  <testcase classname="tudai.tdv.test.testng.TestPersona" name="testConParametros" time="0.008"/>
</testsuite> <!-- tudai.tdv.test.testng.TestPersona -->
